<?xml version="1.0" encoding="UTF-8"?>
<testsuite xmlns:xsi="http://www.w3.org/2001/XMLSchema-instance" xsi:noNamespaceSchemaLocation="https://maven.apache.org/surefire/maven-surefire-plugin/xsd/surefire-test-report.xsd" version="3.0.2" name="com.railway.config_server.ConfigServerApplicationTests" time="9.4" tests="1" errors="0" skipped="0" failures="0">
  <properties>
[...]
</properties>
  <testcase name="contextLoads" classname="com.railway.config_server.ConfigServerApplicationTests" time="1.367">
    <system-out><![CDATA[19:44:59.557 [main] INFO org.springframework.test.context.support.AnnotationConfigContextLoaderUtils -- Could not detect default configuration classes for test class [com.railway.config_server.ConfigServerApplicationTests]: ConfigServerApplicationTests does not declare any static, non-private, non-final, nested classes annotated with @Configuration.
19:44:59.906 [main] INFO org.springframework.boot.test.context.SpringBootTestContextBootstrapper -- Found @SpringBootConfiguration com.railway.config_server.ConfigServerApplication for test class com.railway.config_server.ConfigServerApplicationTests
19:45:00.487 [main] INFO org.springframework.boot.devtools.restart.RestartApplicationListener -- Restart disabled due to context in which it is running

  .   ____          _            __ _ _
 /\\ / ___'_ __ _ _(_)_ __  __ _ \ \ \ \
( ( )\___ | '_ | '_| | '_ \/ _` | \ \ \ \
 \\/  ___)| |_)| | | | | || (_| |  ) ) ) )
  '  |____| .__|_| |_|_| |_\__, | / / / /
 =========|_|==============|___/=/_/_/_/

 :: Spring Boot ::                (v3.4.4)

2025-05-14T19:45:01.074+05:30  INFO 16116 --- [config-server] [           main] c.r.c.ConfigServerApplicationTests       : Starting ConfigServerApplicationTests using Java 17.0.12 with PID 16116 (started by HP in D:\RailwayReservationSystem without security\RailwayReservationSystem\config-server)
2025-05-14T19:45:01.076+05:30  INFO 16116 --- [config-server] [           main] c.r.c.ConfigServerApplicationTests       : The following 1 profile is active: "native"
2025-05-14T19:45:03.576+05:30  INFO 16116 --- [config-server] [           main] o.s.cloud.context.scope.GenericScope     : BeanFactory id=ceed4cc3-5d13-32ea-95ee-ab0cd29498d2
2025-05-14T19:45:05.890+05:30  INFO 16116 --- [config-server] [           main] DiscoveryClientOptionalArgsConfiguration : Eureka HTTP Client uses RestTemplate.
2025-05-14T19:45:06.342+05:30  WARN 16116 --- [config-server] [           main] iguration$LoadBalancerCaffeineWarnLogger : Spring Cloud LoadBalancer is currently working with the default cache. While this cache implementation is useful for development and tests, it's recommended to use Caffeine cache in production.You can switch to using Caffeine cache, by adding it and org.springframework.cache.caffeine.CaffeineCacheManager to the classpath.
2025-05-14T19:45:06.457+05:30  INFO 16116 --- [config-server] [           main] o.s.b.a.e.web.EndpointLinksResolver      : Exposing 1 endpoint beneath base path '/actuator'
2025-05-14T19:45:06.553+05:30  INFO 16116 --- [config-server] [           main] o.s.c.n.eureka.InstanceInfoFactory       : Setting initial instance status as: STARTING
2025-05-14T19:45:06.595+05:30  INFO 16116 --- [config-server] [           main] com.netflix.discovery.DiscoveryClient    : Initializing Eureka in region us-east-1
2025-05-14T19:45:06.602+05:30  INFO 16116 --- [config-server] [           main] c.n.d.s.r.aws.ConfigClusterResolver      : Resolving eureka endpoints via configuration
2025-05-14T19:45:06.616+05:30  INFO 16116 --- [config-server] [           main] com.netflix.discovery.DiscoveryClient    : Disable delta property : false
2025-05-14T19:45:06.616+05:30  INFO 16116 --- [config-server] [           main] com.netflix.discovery.DiscoveryClient    : Single vip registry refresh property : null
2025-05-14T19:45:06.616+05:30  INFO 16116 --- [config-server] [           main] com.netflix.discovery.DiscoveryClient    : Force full registry fetch : false
2025-05-14T19:45:06.616+05:30  INFO 16116 --- [config-server] [           main] com.netflix.discovery.DiscoveryClient    : Application is null : false
2025-05-14T19:45:06.617+05:30  INFO 16116 --- [config-server] [           main] com.netflix.discovery.DiscoveryClient    : Registered Applications size is zero : true
2025-05-14T19:45:06.617+05:30  INFO 16116 --- [config-server] [           main] com.netflix.discovery.DiscoveryClient    : Application version is -1: true
2025-05-14T19:45:06.617+05:30  INFO 16116 --- [config-server] [           main] com.netflix.discovery.DiscoveryClient    : Getting all instance registry info from the eureka server
2025-05-14T19:45:07.127+05:30  INFO 16116 --- [config-server] [           main] com.netflix.discovery.DiscoveryClient    : The response status is 200
2025-05-14T19:45:07.128+05:30  INFO 16116 --- [config-server] [           main] com.netflix.discovery.DiscoveryClient    : Starting heartbeat executor: renew interval is: 30
2025-05-14T19:45:07.131+05:30  INFO 16116 --- [config-server] [           main] c.n.discovery.InstanceInfoReplicator     : InstanceInfoReplicator onDemand update allowed rate per min is 4
2025-05-14T19:45:07.134+05:30  INFO 16116 --- [config-server] [           main] com.netflix.discovery.DiscoveryClient    : Discovery Client initialized at timestamp 1747232107132 with initial instances count: 0
2025-05-14T19:45:07.138+05:30  INFO 16116 --- [config-server] [           main] o.s.c.n.e.s.EurekaServiceRegistry        : Registering application CONFIG-SERVER with eureka with status UP
2025-05-14T19:45:07.139+05:30  INFO 16116 --- [config-server] [           main] com.netflix.discovery.DiscoveryClient    : Saw local status change event StatusChangeEvent [timestamp=1747232107139, current=UP, previous=STARTING]
2025-05-14T19:45:07.144+05:30  INFO 16116 --- [config-server] [foReplicator-%d] com.netflix.discovery.DiscoveryClient    : DiscoveryClient_CONFIG-SERVER/DESKTOP-8GQ2U7H:config-server:8888: registering service...
2025-05-14T19:45:07.245+05:30  INFO 16116 --- [config-server] [           main] c.r.c.ConfigServerApplicationTests       : Started ConfigServerApplicationTests in 6.779 seconds (process running for 8.968)
2025-05-14T19:45:07.266+05:30  INFO 16116 --- [config-server] [foReplicator-%d] com.netflix.discovery.DiscoveryClient    : DiscoveryClient_CONFIG-SERVER/DESKTOP-8GQ2U7H:config-server:8888 - registration status: 204
]]></system-out>
  </testcase>
</testsuite>