<?xml version="1.0" encoding="UTF-8"?>
<testsuite xmlns:xsi="http://www.w3.org/2001/XMLSchema-instance" xsi:noNamespaceSchemaLocation="https://maven.apache.org/surefire/maven-surefire-plugin/xsd/surefire-test-report.xsd" version="3.0.2" name="com.railway.reservation_service.ReservationServiceImplTests" time="2.87" tests="5" errors="0" skipped="0" failures="1">
  <properties>
[...]
</properties>
  <testcase name="testCreateReservation_NotEnoughSeats" classname="com.railway.reservation_service.ReservationServiceImplTests" time="2.644">
    <system-out><![CDATA[17:43:45.875 [main] INFO com.railway.reservation_service.service.ReservationServiceImpl -- Creating reservation for user: john on train: 12345
17:43:45.907 [main] ERROR com.railway.reservation_service.service.ReservationServiceImpl -- Insufficient seats: requested 2, available 1
]]></system-out>
  </testcase>
  <testcase name="testCreateReservation_UserNotFound" classname="com.railway.reservation_service.ReservationServiceImplTests" time="0.009">
    <system-out><![CDATA[17:43:45.964 [main] INFO com.railway.reservation_service.service.ReservationServiceImpl -- Creating reservation for user: nonexistent on train: 12345
17:43:45.964 [main] ERROR com.railway.reservation_service.service.ReservationServiceImpl -- User not found with username: nonexistent
]]></system-out>
  </testcase>
  <testcase name="testCreateReservation_TrainNotFound" classname="com.railway.reservation_service.ReservationServiceImplTests" time="0.009">
    <system-out><![CDATA[17:43:45.984 [main] INFO com.railway.reservation_service.service.ReservationServiceImpl -- Creating reservation for user: john on train: 00000
17:43:45.985 [main] ERROR com.railway.reservation_service.service.ReservationServiceImpl -- Train not found with number: 00000
]]></system-out>
  </testcase>
  <testcase name="testCreateReservation_Success" classname="com.railway.reservation_service.ReservationServiceImplTests" time="0.086">
    <failure message="expected: &lt;CONFIRMED&gt; but was: &lt;PENDING&gt;" type="org.opentest4j.AssertionFailedError"><![CDATA[org.opentest4j.AssertionFailedError: expected: <CONFIRMED> but was: <PENDING>
	at org.junit.jupiter.api.AssertionFailureBuilder.build(AssertionFailureBuilder.java:151)
	at org.junit.jupiter.api.AssertionFailureBuilder.buildAndThrow(AssertionFailureBuilder.java:132)
	at org.junit.jupiter.api.AssertEquals.failNotEqual(AssertEquals.java:197)
	at org.junit.jupiter.api.AssertEquals.assertEquals(AssertEquals.java:182)
	at org.junit.jupiter.api.AssertEquals.assertEquals(AssertEquals.java:177)
	at org.junit.jupiter.api.Assertions.assertEquals(Assertions.java:1145)
	at com.railway.reservation_service.ReservationServiceImplTests.testCreateReservation_Success(ReservationServiceImplTests.java:102)
	at java.base/java.lang.reflect.Method.invoke(Method.java:568)
	at java.base/java.util.ArrayList.forEach(ArrayList.java:1511)
	at java.base/java.util.ArrayList.forEach(ArrayList.java:1511)
]]></failure>
    <system-out><![CDATA[17:43:45.999 [main] INFO com.railway.reservation_service.service.ReservationServiceImpl -- Creating reservation for user: john on train: 12345
17:43:46.000 [main] INFO com.railway.reservation_service.service.ReservationServiceImpl -- Seats available: 50. Proceeding with booking.
17:43:46.001 [main] INFO com.railway.reservation_service.service.ReservationServiceImpl -- Generated PNR: 94LUJU
17:43:46.023 [main] INFO com.railway.reservation_service.service.ReservationServiceImpl -- Reservation saved with ID: 1
]]></system-out>
  </testcase>
  <testcase name="testCreateReservation_ClassTypeNotFound" classname="com.railway.reservation_service.ReservationServiceImplTests" time="0.02">
    <system-out><![CDATA[17:43:46.121 [main] INFO com.railway.reservation_service.service.ReservationServiceImpl -- Creating reservation for user: john on train: 12345
17:43:46.123 [main] ERROR com.railway.reservation_service.service.ReservationServiceImpl -- Class type AC not available for train 12345
]]></system-out>
  </testcase>
</testsuite>